listening on 9998
Connected to sqlite3 database
listening on 9998
Connected to sqlite3 database
listening on 9998
Connected to sqlite3 database
get fountain_list
[ { id: 'y2n501wm31', lat: 41.895966, lng: 12.475707, street: '' },
  { id: '3di0g4cf7j', lat: 41.895966, lng: 12.475707, street: '' },
  { id: '5kqvktwj8q',
    lat: 41.896665,
    lng: 12.479017999999996,
    street: '' },
  { id: 'kj0y6v11dh',
    lat: 41.89623448606795,
    lng: 12.492988557672106,
    street: '' },
  { id: 'p9f1s3p9i5',
    lat: 41.899451,
    lng: 12.476587999999992,
    street: '' },
  { id: 'caaxf6eey5',
    lat: 41.892610089383666,
    lng: 12.494759559631348,
    street: '' },
  { id: '0bh9boyetn', lat: 41.898451, lng: 12.473924, street: '' },
  { id: '6t1k9s96et',
    lat: 41.87736000483847,
    lng: 12.475163340568542,
    street: '' },
  { id: 'p7oeusnnkn', lat: 41.890151, lng: 12.494185, street: '' },
  { id: 'qn3g07tjjw', lat: 41.931436, lng: 12.493863, street: '' },
  { id: '821vmoi58r',
    lat: 41.897012,
    lng: 12.49404400000003,
    street: '' },
  { id: '4g0klk9v0l',
    lat: 41.893103,
    lng: 12.474329000000012,
    street: '' },
  { id: 'obq41swxt3',
    lat: 41.896777,
    lng: 12.499191999999994,
    street: '' },
  { id: 'kqc2f7hds4',
    lat: 41.896561,
    lng: 12.47054700000001,
    street: '' },
  { id: '70c3x7sd9n',
    lat: 41.897292,
    lng: 12.497908999999936,
    street: '' },
  { id: 'xkaiqc5nwi', lat: 41.879111, lng: 12.478591, street: '' },
  { id: 'ck5dho6qi4',
    lat: 41.895431,
    lng: 12.470176000000038,
    street: '' },
  { id: 'brmn0gpjbu',
    lat: 41.931981,
    lng: 12.471758000000023,
    street: '' },
  { id: '40y3c2dbr1',
    lat: 41.89966379420476,
    lng: 12.477942109107971,
    street: '' },
  { id: 'cskne6unq8',
    lat: 41.932754,
    lng: 12.474014000000011,
    street: '' },
  { id: 'dstlr3og8c',
    lat: 41.891386,
    lng: 12.479323000000022,
    street: '' },
  { id: '5jgtq1uayy',
    lat: 41.89320714587851,
    lng: 12.497812426129826,
    street: '' },
  { id: 'w0d4cyd0xj',
    lat: 41.897508,
    lng: 12.490023000000065,
    street: '' },
  { id: 'tukcby4syy',
    lat: 41.876207,
    lng: 12.49998000000005,
    street: '' },
  { id: 'ykv9d84lx5',
    lat: 41.894254,
    lng: 12.47198400000002,
    street: '' },
  { id: 'a5bodtmb4e',
    lat: 41.892387,
    lng: 12.475566999999955,
    street: '' },
  { id: 'nj02sol8at', lat: 41.89592, lng: 12.496863, street: '' },
  { id: 'wujihca60y',
    lat: 41.87562,
    lng: 12.477012999999943,
    street: '' },
  { id: '472ldnts5f',
    lat: 41.930086,
    lng: 12.473521000000005,
    street: '' },
  { id: 'f78xqfaxe3',
    lat: 41.930127,
    lng: 12.474136000000044,
    street: '' },
  { id: '4bggx11mbu',
    lat: 41.87453897014594,
    lng: 12.472675824536964,
    street: '' },
  { id: 'h6j0ph7s4c', lat: 41.898902, lng: 12.490215, street: '' },
  { id: 'yqcpkq8vwi',
    lat: 41.89200311093197,
    lng: 12.496250867843628,
    street: '' },
  { id: '0egho18rt9',
    lat: 41.87554023489776,
    lng: 12.490136089230305,
    street: '' },
  { id: 'ddlc9ihk0n',
    lat: 41.879428,
    lng: 12.47574899999995,
    street: '' },
  { id: '020p3uiui7',
    lat: 41.894695,
    lng: 12.490777999999978,
    street: '' },
  { id: 'ob8niboe6s',
    lat: 41.89243837895936,
    lng: 12.476005554199219,
    street: '' },
  { id: 'ou5pl8qnsx',
    lat: 41.893647,
    lng: 12.478740000000016,
    street: '' },
  { id: 'olocowfh1u',
    lat: 41.899002,
    lng: 12.47101900000007,
    street: '' },
  { id: 'b4o8rxvdim',
    lat: 41.879982,
    lng: 12.477174999999988,
    street: '' },
  { id: '7bqadb5t00',
    lat: 41.893645,
    lng: 12.474381999999991,
    street: '' },
  { id: 'grqmflybjm',
    lat: 41.897277508406894,
    lng: 12.477570720237736,
    street: '' },
  { id: 'p54wv370ck',
    lat: 41.899125,
    lng: 12.492304999999988,
    street: '' },
  { id: '1wjsgpstbt',
    lat: 41.892817,
    lng: 12.478859000000057,
    street: '' },
  { id: 'y843p24yh0',
    lat: 41.8960660020966,
    lng: 12.490368492838229,
    street: '' },
  { id: 'bj33sjul1k', lat: 41.879933, lng: 12.475257, street: '' },
  { id: '4mmws8ju7t',
    lat: 41.891398527,
    lng: 12.491191061,
    street: '' },
  { id: 'x4utd7ewgg',
    lat: 41.89494563,
    lng: 12.490903899,
    street: '' },
  { id: 'a1p028sfv2', lat: 42.0037594, lng: 13.6189051, street: '' },
  { id: 'obno1xgy3b',
    lat: 42.005285831,
    lng: 13.628550226,
    street: '' },
  { id: '3qnefdsd14',
    lat: 42.00375889,
    lng: 13.626595521,
    street: '' },
  { id: 'litn9wnguv',
    lat: 42.006825227,
    lng: 13.624748906,
    street: '' },
  { id: '5jl76wwbcn',
    lat: 42.006300805,
    lng: 13.623269205,
    street: '' },
  { id: 'yt9vr7exg7',
    lat: 41.895446038,
    lng: 12.481319254,
    street: '' } ]
get fountain_comments
[]
get fountain_data
listening on 9998
Connected to sqlite3 database
get fountain_list
[ { id: 'y2n501wm31', lat: 41.895966, lng: 12.475707, street: '' },
  { id: '3di0g4cf7j', lat: 41.895966, lng: 12.475707, street: '' },
  { id: '5kqvktwj8q',
    lat: 41.896665,
    lng: 12.479017999999996,
    street: '' },
  { id: 'kj0y6v11dh',
    lat: 41.89623448606795,
    lng: 12.492988557672106,
    street: '' },
  { id: 'p9f1s3p9i5',
    lat: 41.899451,
    lng: 12.476587999999992,
    street: '' },
  { id: 'caaxf6eey5',
    lat: 41.892610089383666,
    lng: 12.494759559631348,
    street: '' },
  { id: '0bh9boyetn', lat: 41.898451, lng: 12.473924, street: '' },
  { id: '6t1k9s96et',
    lat: 41.87736000483847,
    lng: 12.475163340568542,
    street: '' },
  { id: 'p7oeusnnkn', lat: 41.890151, lng: 12.494185, street: '' },
  { id: 'qn3g07tjjw', lat: 41.931436, lng: 12.493863, street: '' },
  { id: '821vmoi58r',
    lat: 41.897012,
    lng: 12.49404400000003,
    street: '' },
  { id: '4g0klk9v0l',
    lat: 41.893103,
    lng: 12.474329000000012,
    street: '' },
  { id: 'obq41swxt3',
    lat: 41.896777,
    lng: 12.499191999999994,
    street: '' },
  { id: 'kqc2f7hds4',
    lat: 41.896561,
    lng: 12.47054700000001,
    street: '' },
  { id: '70c3x7sd9n',
    lat: 41.897292,
    lng: 12.497908999999936,
    street: '' },
  { id: 'xkaiqc5nwi', lat: 41.879111, lng: 12.478591, street: '' },
  { id: 'ck5dho6qi4',
    lat: 41.895431,
    lng: 12.470176000000038,
    street: '' },
  { id: 'brmn0gpjbu',
    lat: 41.931981,
    lng: 12.471758000000023,
    street: '' },
  { id: '40y3c2dbr1',
    lat: 41.89966379420476,
    lng: 12.477942109107971,
    street: '' },
  { id: 'cskne6unq8',
    lat: 41.932754,
    lng: 12.474014000000011,
    street: '' },
  { id: 'dstlr3og8c',
    lat: 41.891386,
    lng: 12.479323000000022,
    street: '' },
  { id: '5jgtq1uayy',
    lat: 41.89320714587851,
    lng: 12.497812426129826,
    street: '' },
  { id: 'w0d4cyd0xj',
    lat: 41.897508,
    lng: 12.490023000000065,
    street: '' },
  { id: 'tukcby4syy',
    lat: 41.876207,
    lng: 12.49998000000005,
    street: '' },
  { id: 'ykv9d84lx5',
    lat: 41.894254,
    lng: 12.47198400000002,
    street: '' },
  { id: 'a5bodtmb4e',
    lat: 41.892387,
    lng: 12.475566999999955,
    street: '' },
  { id: 'nj02sol8at', lat: 41.89592, lng: 12.496863, street: '' },
  { id: 'wujihca60y',
    lat: 41.87562,
    lng: 12.477012999999943,
    street: '' },
  { id: '472ldnts5f',
    lat: 41.930086,
    lng: 12.473521000000005,
    street: '' },
  { id: 'f78xqfaxe3',
    lat: 41.930127,
    lng: 12.474136000000044,
    street: '' },
  { id: '4bggx11mbu',
    lat: 41.87453897014594,
    lng: 12.472675824536964,
    street: '' },
  { id: 'h6j0ph7s4c', lat: 41.898902, lng: 12.490215, street: '' },
  { id: 'yqcpkq8vwi',
    lat: 41.89200311093197,
    lng: 12.496250867843628,
    street: '' },
  { id: '0egho18rt9',
    lat: 41.87554023489776,
    lng: 12.490136089230305,
    street: '' },
  { id: 'ddlc9ihk0n',
    lat: 41.879428,
    lng: 12.47574899999995,
    street: '' },
  { id: '020p3uiui7',
    lat: 41.894695,
    lng: 12.490777999999978,
    street: '' },
  { id: 'ob8niboe6s',
    lat: 41.89243837895936,
    lng: 12.476005554199219,
    street: '' },
  { id: 'ou5pl8qnsx',
    lat: 41.893647,
    lng: 12.478740000000016,
    street: '' },
  { id: 'olocowfh1u',
    lat: 41.899002,
    lng: 12.47101900000007,
    street: '' },
  { id: 'b4o8rxvdim',
    lat: 41.879982,
    lng: 12.477174999999988,
    street: '' },
  { id: '7bqadb5t00',
    lat: 41.893645,
    lng: 12.474381999999991,
    street: '' },
  { id: 'grqmflybjm',
    lat: 41.897277508406894,
    lng: 12.477570720237736,
    street: '' },
  { id: 'p54wv370ck',
    lat: 41.899125,
    lng: 12.492304999999988,
    street: '' },
  { id: '1wjsgpstbt',
    lat: 41.892817,
    lng: 12.478859000000057,
    street: '' },
  { id: 'y843p24yh0',
    lat: 41.8960660020966,
    lng: 12.490368492838229,
    street: '' },
  { id: 'bj33sjul1k', lat: 41.879933, lng: 12.475257, street: '' },
  { id: '4mmws8ju7t',
    lat: 41.891398527,
    lng: 12.491191061,
    street: '' },
  { id: 'x4utd7ewgg',
    lat: 41.89494563,
    lng: 12.490903899,
    street: '' },
  { id: 'a1p028sfv2', lat: 42.0037594, lng: 13.6189051, street: '' },
  { id: 'obno1xgy3b',
    lat: 42.005285831,
    lng: 13.628550226,
    street: '' },
  { id: '3qnefdsd14',
    lat: 42.00375889,
    lng: 13.626595521,
    street: '' },
  { id: 'litn9wnguv',
    lat: 42.006825227,
    lng: 13.624748906,
    street: '' },
  { id: '5jl76wwbcn',
    lat: 42.006300805,
    lng: 13.623269205,
    street: '' },
  { id: 'yt9vr7exg7',
    lat: 41.895446038,
    lng: 12.481319254,
    street: '' } ]
get fountain_data
get fountain_data
get fountain_data
get fountain_data
get fountain_data
get fountain_data
get fountain_data
get fountain_data
get fountain_data
get fountain_data
get fountain_data
get fountain_data
get fountain_list
[ { id: 'y2n501wm31', lat: 41.895966, lng: 12.475707, street: '' },
  { id: '3di0g4cf7j', lat: 41.895966, lng: 12.475707, street: '' },
  { id: '5kqvktwj8q',
    lat: 41.896665,
    lng: 12.479017999999996,
    street: '' },
  { id: 'kj0y6v11dh',
    lat: 41.89623448606795,
    lng: 12.492988557672106,
    street: '' },
  { id: 'p9f1s3p9i5',
    lat: 41.899451,
    lng: 12.476587999999992,
    street: '' },
  { id: 'caaxf6eey5',
    lat: 41.892610089383666,
    lng: 12.494759559631348,
    street: '' },
  { id: '0bh9boyetn', lat: 41.898451, lng: 12.473924, street: '' },
  { id: '6t1k9s96et',
    lat: 41.87736000483847,
    lng: 12.475163340568542,
    street: '' },
  { id: 'p7oeusnnkn', lat: 41.890151, lng: 12.494185, street: '' },
  { id: 'qn3g07tjjw', lat: 41.931436, lng: 12.493863, street: '' },
  { id: '821vmoi58r',
    lat: 41.897012,
    lng: 12.49404400000003,
    street: '' },
  { id: '4g0klk9v0l',
    lat: 41.893103,
    lng: 12.474329000000012,
    street: '' },
  { id: 'obq41swxt3',
    lat: 41.896777,
    lng: 12.499191999999994,
    street: '' },
  { id: 'kqc2f7hds4',
    lat: 41.896561,
    lng: 12.47054700000001,
    street: '' },
  { id: '70c3x7sd9n',
    lat: 41.897292,
    lng: 12.497908999999936,
    street: '' },
  { id: 'xkaiqc5nwi', lat: 41.879111, lng: 12.478591, street: '' },
  { id: 'ck5dho6qi4',
    lat: 41.895431,
    lng: 12.470176000000038,
    street: '' },
  { id: 'brmn0gpjbu',
    lat: 41.931981,
    lng: 12.471758000000023,
    street: '' },
  { id: '40y3c2dbr1',
    lat: 41.89966379420476,
    lng: 12.477942109107971,
    street: '' },
  { id: 'cskne6unq8',
    lat: 41.932754,
    lng: 12.474014000000011,
    street: '' },
  { id: 'dstlr3og8c',
    lat: 41.891386,
    lng: 12.479323000000022,
    street: '' },
  { id: '5jgtq1uayy',
    lat: 41.89320714587851,
    lng: 12.497812426129826,
    street: '' },
  { id: 'w0d4cyd0xj',
    lat: 41.897508,
    lng: 12.490023000000065,
    street: '' },
  { id: 'tukcby4syy',
    lat: 41.876207,
    lng: 12.49998000000005,
    street: '' },
  { id: 'ykv9d84lx5',
    lat: 41.894254,
    lng: 12.47198400000002,
    street: '' },
  { id: 'a5bodtmb4e',
    lat: 41.892387,
    lng: 12.475566999999955,
    street: '' },
  { id: 'nj02sol8at', lat: 41.89592, lng: 12.496863, street: '' },
  { id: 'wujihca60y',
    lat: 41.87562,
    lng: 12.477012999999943,
    street: '' },
  { id: '472ldnts5f',
    lat: 41.930086,
    lng: 12.473521000000005,
    street: '' },
  { id: 'f78xqfaxe3',
    lat: 41.930127,
    lng: 12.474136000000044,
    street: '' },
  { id: '4bggx11mbu',
    lat: 41.87453897014594,
    lng: 12.472675824536964,
    street: '' },
  { id: 'h6j0ph7s4c', lat: 41.898902, lng: 12.490215, street: '' },
  { id: 'yqcpkq8vwi',
    lat: 41.89200311093197,
    lng: 12.496250867843628,
    street: '' },
  { id: '0egho18rt9',
    lat: 41.87554023489776,
    lng: 12.490136089230305,
    street: '' },
  { id: 'ddlc9ihk0n',
    lat: 41.879428,
    lng: 12.47574899999995,
    street: '' },
  { id: '020p3uiui7',
    lat: 41.894695,
    lng: 12.490777999999978,
    street: '' },
  { id: 'ob8niboe6s',
    lat: 41.89243837895936,
    lng: 12.476005554199219,
    street: '' },
  { id: 'ou5pl8qnsx',
    lat: 41.893647,
    lng: 12.478740000000016,
    street: '' },
  { id: 'olocowfh1u',
    lat: 41.899002,
    lng: 12.47101900000007,
    street: '' },
  { id: 'b4o8rxvdim',
    lat: 41.879982,
    lng: 12.477174999999988,
    street: '' },
  { id: '7bqadb5t00',
    lat: 41.893645,
    lng: 12.474381999999991,
    street: '' },
  { id: 'grqmflybjm',
    lat: 41.897277508406894,
    lng: 12.477570720237736,
    street: '' },
  { id: 'p54wv370ck',
    lat: 41.899125,
    lng: 12.492304999999988,
    street: '' },
  { id: '1wjsgpstbt',
    lat: 41.892817,
    lng: 12.478859000000057,
    street: '' },
  { id: 'y843p24yh0',
    lat: 41.8960660020966,
    lng: 12.490368492838229,
    street: '' },
  { id: 'bj33sjul1k', lat: 41.879933, lng: 12.475257, street: '' },
  { id: '4mmws8ju7t',
    lat: 41.891398527,
    lng: 12.491191061,
    street: '' },
  { id: 'x4utd7ewgg',
    lat: 41.89494563,
    lng: 12.490903899,
    street: '' },
  { id: 'a1p028sfv2', lat: 42.0037594, lng: 13.6189051, street: '' },
  { id: 'obno1xgy3b',
    lat: 42.005285831,
    lng: 13.628550226,
    street: '' },
  { id: '3qnefdsd14',
    lat: 42.00375889,
    lng: 13.626595521,
    street: '' },
  { id: 'litn9wnguv',
    lat: 42.006825227,
    lng: 13.624748906,
    street: '' },
  { id: '5jl76wwbcn',
    lat: 42.006300805,
    lng: 13.623269205,
    street: '' },
  { id: 'yt9vr7exg7',
    lat: 41.895446038,
    lng: 12.481319254,
    street: '' } ]
get fountain_comments
[]
get fountain_data
get fountain_list
[ { id: 'y2n501wm31', lat: 41.895966, lng: 12.475707, street: '' },
  { id: '3di0g4cf7j', lat: 41.895966, lng: 12.475707, street: '' },
  { id: '5kqvktwj8q',
    lat: 41.896665,
    lng: 12.479017999999996,
    street: '' },
  { id: 'kj0y6v11dh',
    lat: 41.89623448606795,
    lng: 12.492988557672106,
    street: '' },
  { id: 'p9f1s3p9i5',
    lat: 41.899451,
    lng: 12.476587999999992,
    street: '' },
  { id: 'caaxf6eey5',
    lat: 41.892610089383666,
    lng: 12.494759559631348,
    street: '' },
  { id: '0bh9boyetn', lat: 41.898451, lng: 12.473924, street: '' },
  { id: '6t1k9s96et',
    lat: 41.87736000483847,
    lng: 12.475163340568542,
    street: '' },
  { id: 'p7oeusnnkn', lat: 41.890151, lng: 12.494185, street: '' },
  { id: 'qn3g07tjjw', lat: 41.931436, lng: 12.493863, street: '' },
  { id: '821vmoi58r',
    lat: 41.897012,
    lng: 12.49404400000003,
    street: '' },
  { id: '4g0klk9v0l',
    lat: 41.893103,
    lng: 12.474329000000012,
    street: '' },
  { id: 'obq41swxt3',
    lat: 41.896777,
    lng: 12.499191999999994,
    street: '' },
  { id: 'kqc2f7hds4',
    lat: 41.896561,
    lng: 12.47054700000001,
    street: '' },
  { id: '70c3x7sd9n',
    lat: 41.897292,
    lng: 12.497908999999936,
    street: '' },
  { id: 'xkaiqc5nwi', lat: 41.879111, lng: 12.478591, street: '' },
  { id: 'ck5dho6qi4',
    lat: 41.895431,
    lng: 12.470176000000038,
    street: '' },
  { id: 'brmn0gpjbu',
    lat: 41.931981,
    lng: 12.471758000000023,
    street: '' },
  { id: '40y3c2dbr1',
    lat: 41.89966379420476,
    lng: 12.477942109107971,
    street: '' },
  { id: 'cskne6unq8',
    lat: 41.932754,
    lng: 12.474014000000011,
    street: '' },
  { id: 'dstlr3og8c',
    lat: 41.891386,
    lng: 12.479323000000022,
    street: '' },
  { id: '5jgtq1uayy',
    lat: 41.89320714587851,
    lng: 12.497812426129826,
    street: '' },
  { id: 'w0d4cyd0xj',
    lat: 41.897508,
    lng: 12.490023000000065,
    street: '' },
  { id: 'tukcby4syy',
    lat: 41.876207,
    lng: 12.49998000000005,
    street: '' },
  { id: 'ykv9d84lx5',
    lat: 41.894254,
    lng: 12.47198400000002,
    street: '' },
  { id: 'a5bodtmb4e',
    lat: 41.892387,
    lng: 12.475566999999955,
    street: '' },
  { id: 'nj02sol8at', lat: 41.89592, lng: 12.496863, street: '' },
  { id: 'wujihca60y',
    lat: 41.87562,
    lng: 12.477012999999943,
    street: '' },
  { id: '472ldnts5f',
    lat: 41.930086,
    lng: 12.473521000000005,
    street: '' },
  { id: 'f78xqfaxe3',
    lat: 41.930127,
    lng: 12.474136000000044,
    street: '' },
  { id: '4bggx11mbu',
    lat: 41.87453897014594,
    lng: 12.472675824536964,
    street: '' },
  { id: 'h6j0ph7s4c', lat: 41.898902, lng: 12.490215, street: '' },
  { id: 'yqcpkq8vwi',
    lat: 41.89200311093197,
    lng: 12.496250867843628,
    street: '' },
  { id: '0egho18rt9',
    lat: 41.87554023489776,
    lng: 12.490136089230305,
    street: '' },
  { id: 'ddlc9ihk0n',
    lat: 41.879428,
    lng: 12.47574899999995,
    street: '' },
  { id: '020p3uiui7',
    lat: 41.894695,
    lng: 12.490777999999978,
    street: '' },
  { id: 'ob8niboe6s',
    lat: 41.89243837895936,
    lng: 12.476005554199219,
    street: '' },
  { id: 'ou5pl8qnsx',
    lat: 41.893647,
    lng: 12.478740000000016,
    street: '' },
  { id: 'olocowfh1u',
    lat: 41.899002,
    lng: 12.47101900000007,
    street: '' },
  { id: 'b4o8rxvdim',
    lat: 41.879982,
    lng: 12.477174999999988,
    street: '' },
  { id: '7bqadb5t00',
    lat: 41.893645,
    lng: 12.474381999999991,
    street: '' },
  { id: 'grqmflybjm',
    lat: 41.897277508406894,
    lng: 12.477570720237736,
    street: '' },
  { id: 'p54wv370ck',
    lat: 41.899125,
    lng: 12.492304999999988,
    street: '' },
  { id: '1wjsgpstbt',
    lat: 41.892817,
    lng: 12.478859000000057,
    street: '' },
  { id: 'y843p24yh0',
    lat: 41.8960660020966,
    lng: 12.490368492838229,
    street: '' },
  { id: 'bj33sjul1k', lat: 41.879933, lng: 12.475257, street: '' },
  { id: '4mmws8ju7t',
    lat: 41.891398527,
    lng: 12.491191061,
    street: '' },
  { id: 'x4utd7ewgg',
    lat: 41.89494563,
    lng: 12.490903899,
    street: '' },
  { id: 'a1p028sfv2', lat: 42.0037594, lng: 13.6189051, street: '' },
  { id: 'obno1xgy3b',
    lat: 42.005285831,
    lng: 13.628550226,
    street: '' },
  { id: '3qnefdsd14',
    lat: 42.00375889,
    lng: 13.626595521,
    street: '' },
  { id: 'litn9wnguv',
    lat: 42.006825227,
    lng: 13.624748906,
    street: '' },
  { id: '5jl76wwbcn',
    lat: 42.006300805,
    lng: 13.623269205,
    street: '' },
  { id: 'yt9vr7exg7',
    lat: 41.895446038,
    lng: 12.481319254,
    street: '' } ]
get fountain_comments
[]
get fountain_data
get fountain_comments
[]
get fountain_data
post fountain_comments
{ id: 'tukcby4syy' }
tukcby4syy
adding new comment { name: 'Giuseppe',
  text: 'Good',
  f_id: 'tukcby4syy',
  timestamp: 1534836991 }
SQLITE_ERROR: table fountains_comments has 4 columns but 3 values were supplied
get fountain_comments
[]
get fountain_data
get fountain_data
get fountain_comments
[]
get fountain_data
get fountain_data
get fountain_data
get fountain_data
get fountain_data
get fountain_data
get fountain_data
get fountain_data
listening on 9998
Connected to sqlite3 database
